<?xml version="1.0" encoding="UTF-8"?>
<testng-results skipped="0" failed="0" ignored="0" total="1" passed="1">
  <reporter-output>
  </reporter-output>
  <suite name="Default suite" duration-ms="9396" started-at="2018-01-05T12:32:13Z" finished-at="2018-01-05T12:32:23Z">
    <groups>
    </groups>
    <test name="Default test" duration-ms="9396" started-at="2018-01-05T12:32:13Z" finished-at="2018-01-05T12:32:23Z">
      <class name="TestScripts.Tc1_Login">
        <test-method status="PASS" signature="verifyOrangeHRM()[pri:0, instance:TestScripts.Tc1_Login@457e2f02]" name="verifyOrangeHRM" duration-ms="9334" started-at="2018-01-05T18:02:13Z" finished-at="2018-01-05T18:02:23Z">
          <reporter-output>
          </reporter-output>
        </test-method> <!-- verifyOrangeHRM -->
      </class> <!-- TestScripts.Tc1_Login -->
    </test> <!-- Default test -->
  </suite> <!-- Default suite -->
</testng-results>
